<?xml version="1.0" encoding="UTF-8"?>
<coverage generated="1545535599">
  <project timestamp="1545535599">
    <package name="Cajudev\Validator">
      <file name="/home/richard/Homestead/code/validator/src/Cnpj.php">
        <class name="Cajudev\Validator\Cnpj" namespace="Cajudev\Validator">
          <metrics complexity="14" methods="5" coveredmethods="5" conditionals="0" coveredconditionals="0" statements="18" coveredstatements="18" elements="23" coveredelements="23"/>
        </class>
        <line num="19" type="method" name="__construct" visibility="private" complexity="1" crap="1" count="3"/>
        <line num="20" type="stmt" count="3"/>
        <line num="21" type="stmt" count="3"/>
        <line num="31" type="method" name="validate" visibility="public" complexity="4" crap="4" count="3"/>
        <line num="32" type="stmt" count="3"/>
        <line num="34" type="stmt" count="3"/>
        <line num="36" type="stmt" count="3"/>
        <line num="37" type="stmt" count="3"/>
        <line num="40" type="stmt" count="2"/>
        <line num="52" type="method" name="validateArray" visibility="public" complexity="3" crap="3" count="1"/>
        <line num="53" type="stmt" count="1"/>
        <line num="54" type="stmt" count="1"/>
        <line num="55" type="stmt" count="1"/>
        <line num="56" type="stmt" count="1"/>
        <line num="59" type="stmt" count="1"/>
        <line num="62" type="method" name="getDigit" visibility="private" complexity="4" crap="4" count="3"/>
        <line num="63" type="stmt" count="3"/>
        <line num="65" type="stmt" count="3"/>
        <line num="66" type="stmt" count="3"/>
        <line num="67" type="stmt" count="3"/>
        <line num="70" type="stmt" count="3"/>
        <line num="81" type="method" name="getNumber" visibility="public" complexity="2" crap="2" count="1"/>
        <line num="82" type="stmt" count="1"/>
        <metrics loc="83" ncloc="55" classes="1" methods="5" coveredmethods="5" conditionals="0" coveredconditionals="0" statements="18" coveredstatements="18" elements="23" coveredelements="23"/>
      </file>
      <file name="/home/richard/Homestead/code/validator/src/Cpf.php">
        <class name="Cajudev\Validator\Cpf" namespace="Cajudev\Validator">
          <metrics complexity="13" methods="5" coveredmethods="5" conditionals="0" coveredconditionals="0" statements="17" coveredstatements="17" elements="22" coveredelements="22"/>
        </class>
        <line num="19" type="method" name="__construct" visibility="private" complexity="1" crap="1" count="3"/>
        <line num="20" type="stmt" count="3"/>
        <line num="21" type="stmt" count="3"/>
        <line num="31" type="method" name="validate" visibility="public" complexity="4" crap="4" count="3"/>
        <line num="32" type="stmt" count="3"/>
        <line num="34" type="stmt" count="3"/>
        <line num="35" type="stmt" count="3"/>
        <line num="36" type="stmt" count="3"/>
        <line num="39" type="stmt" count="2"/>
        <line num="51" type="method" name="validateArray" visibility="public" complexity="3" crap="3" count="1"/>
        <line num="52" type="stmt" count="1"/>
        <line num="53" type="stmt" count="1"/>
        <line num="54" type="stmt" count="1"/>
        <line num="55" type="stmt" count="1"/>
        <line num="58" type="stmt" count="1"/>
        <line num="61" type="method" name="getDigit" visibility="private" complexity="3" crap="3" count="3"/>
        <line num="62" type="stmt" count="3"/>
        <line num="64" type="stmt" count="3"/>
        <line num="65" type="stmt" count="3"/>
        <line num="68" type="stmt" count="3"/>
        <line num="79" type="method" name="getNumber" visibility="public" complexity="2" crap="2" count="1"/>
        <line num="80" type="stmt" count="1"/>
        <metrics loc="81" ncloc="53" classes="1" methods="5" coveredmethods="5" conditionals="0" coveredconditionals="0" statements="17" coveredstatements="17" elements="22" coveredelements="22"/>
      </file>
      <file name="/home/richard/Homestead/code/validator/src/CreditCard.php">
        <class name="Cajudev\Validator\CreditCard" namespace="Cajudev\Validator">
          <metrics complexity="20" methods="7" coveredmethods="7" conditionals="0" coveredconditionals="0" statements="29" coveredstatements="29" elements="36" coveredelements="36"/>
        </class>
        <line num="26" type="method" name="__construct" visibility="private" complexity="1" crap="1" count="4"/>
        <line num="27" type="stmt" count="4"/>
        <line num="28" type="stmt" count="4"/>
        <line num="29" type="stmt" count="4"/>
        <line num="39" type="method" name="validate" visibility="public" complexity="3" crap="3" count="4"/>
        <line num="40" type="stmt" count="4"/>
        <line num="42" type="stmt" count="4"/>
        <line num="43" type="stmt" count="4"/>
        <line num="46" type="stmt" count="1"/>
        <line num="58" type="method" name="validateArray" visibility="public" complexity="3" crap="3" count="1"/>
        <line num="59" type="stmt" count="1"/>
        <line num="60" type="stmt" count="1"/>
        <line num="61" type="stmt" count="1"/>
        <line num="62" type="stmt" count="1"/>
        <line num="65" type="stmt" count="1"/>
        <line num="68" type="method" name="findFlag" visibility="private" complexity="3" crap="3" count="4"/>
        <line num="69" type="stmt" count="4"/>
        <line num="70" type="stmt" count="4"/>
        <line num="71" type="stmt" count="4"/>
        <line num="74" type="stmt" count="1"/>
        <line num="77" type="method" name="checkLuhnAlgorithm" visibility="private" complexity="4" crap="4" count="4"/>
        <line num="78" type="stmt" count="4"/>
        <line num="80" type="stmt" count="4"/>
        <line num="81" type="stmt" count="4"/>
        <line num="82" type="stmt" count="4"/>
        <line num="83" type="stmt" count="4"/>
        <line num="87" type="stmt" count="4"/>
        <line num="96" type="method" name="getFlag" visibility="public" complexity="1" crap="1" count="1"/>
        <line num="97" type="stmt" count="1"/>
        <line num="108" type="method" name="getNumber" visibility="public" complexity="5" crap="5" count="1"/>
        <line num="109" type="stmt" count="1"/>
        <line num="110" type="stmt" count="1"/>
        <line num="111" type="stmt" count="1"/>
        <line num="112" type="stmt" count="1"/>
        <line num="113" type="stmt" count="1"/>
        <line num="116" type="stmt" count="1"/>
        <metrics loc="117" ncloc="84" classes="1" methods="7" coveredmethods="7" conditionals="0" coveredconditionals="0" statements="29" coveredstatements="29" elements="36" coveredelements="36"/>
      </file>
      <file name="/home/richard/Homestead/code/validator/src/Date.php">
        <class name="Cajudev\Validator\Date" namespace="Cajudev\Validator">
          <metrics complexity="16" methods="10" coveredmethods="10" conditionals="0" coveredconditionals="0" statements="36" coveredstatements="36" elements="46" coveredelements="46"/>
        </class>
        <line num="27" type="method" name="__construct" visibility="private" complexity="1" crap="1" count="3"/>
        <line num="28" type="stmt" count="3"/>
        <line num="29" type="stmt" count="3"/>
        <line num="30" type="stmt" count="3"/>
        <line num="31" type="stmt" count="3"/>
        <line num="32" type="stmt" count="3"/>
        <line num="33" type="stmt" count="3"/>
        <line num="43" type="method" name="validate" visibility="public" complexity="3" crap="3" count="4"/>
        <line num="44" type="stmt" count="4"/>
        <line num="46" type="stmt" count="3"/>
        <line num="47" type="stmt" count="3"/>
        <line num="48" type="stmt" count="3"/>
        <line num="49" type="stmt" count="3"/>
        <line num="52" type="stmt" count="2"/>
        <line num="64" type="method" name="validateArray" visibility="public" complexity="3" crap="3" count="2"/>
        <line num="65" type="stmt" count="2"/>
        <line num="66" type="stmt" count="2"/>
        <line num="67" type="stmt" count="2"/>
        <line num="68" type="stmt" count="1"/>
        <line num="71" type="stmt" count="1"/>
        <line num="74" type="method" name="validatePattern" visibility="private" complexity="2" crap="2" count="4"/>
        <line num="75" type="stmt" count="4"/>
        <line num="76" type="stmt" count="1"/>
        <line num="78" type="stmt" count="3"/>
        <line num="80" type="method" name="getRegex" visibility="private" complexity="1" crap="1" count="3"/>
        <line num="81" type="stmt" count="3"/>
        <line num="82" type="stmt" count="3"/>
        <line num="83" type="stmt" count="3"/>
        <line num="84" type="stmt" count="3"/>
        <line num="85" type="stmt" count="3"/>
        <line num="86" type="stmt" count="3"/>
        <line num="87" type="stmt" count="3"/>
        <line num="88" type="stmt" count="3"/>
        <line num="97" type="method" name="getDay" visibility="public" complexity="1" crap="1" count="1"/>
        <line num="98" type="stmt" count="1"/>
        <line num="107" type="method" name="getMonth" visibility="public" complexity="1" crap="1" count="1"/>
        <line num="108" type="stmt" count="1"/>
        <line num="117" type="method" name="getYear" visibility="public" complexity="1" crap="1" count="1"/>
        <line num="118" type="stmt" count="1"/>
        <line num="129" type="method" name="getDate" visibility="public" complexity="2" crap="2" count="1"/>
        <line num="130" type="stmt" count="1"/>
        <line num="131" type="stmt" count="1"/>
        <line num="133" type="stmt" count="1"/>
        <line num="134" type="stmt" count="1"/>
        <line num="144" type="method" name="getTimestamp" visibility="public" complexity="1" crap="1" count="1"/>
        <line num="145" type="stmt" count="1"/>
        <metrics loc="147" ncloc="100" classes="1" methods="10" coveredmethods="10" conditionals="0" coveredconditionals="0" statements="36" coveredstatements="36" elements="46" coveredelements="46"/>
      </file>
      <file name="/home/richard/Homestead/code/validator/src/Rg.php">
        <class name="Cajudev\Validator\Rg" namespace="Cajudev\Validator">
          <metrics complexity="13" methods="5" coveredmethods="5" conditionals="0" coveredconditionals="0" statements="22" coveredstatements="22" elements="27" coveredelements="27"/>
        </class>
        <line num="19" type="method" name="__construct" visibility="private" complexity="1" crap="1" count="3"/>
        <line num="20" type="stmt" count="3"/>
        <line num="21" type="stmt" count="3"/>
        <line num="31" type="method" name="validate" visibility="public" complexity="3" crap="3" count="3"/>
        <line num="32" type="stmt" count="3"/>
        <line num="33" type="stmt" count="3"/>
        <line num="35" type="stmt" count="3"/>
        <line num="36" type="stmt" count="3"/>
        <line num="37" type="stmt" count="3"/>
        <line num="40" type="stmt" count="2"/>
        <line num="52" type="method" name="validateArray" visibility="public" complexity="3" crap="3" count="1"/>
        <line num="53" type="stmt" count="1"/>
        <line num="54" type="stmt" count="1"/>
        <line num="55" type="stmt" count="1"/>
        <line num="56" type="stmt" count="1"/>
        <line num="59" type="stmt" count="1"/>
        <line num="62" type="method" name="getDigit" visibility="private" complexity="4" crap="4" count="3"/>
        <line num="63" type="stmt" count="3"/>
        <line num="65" type="stmt" count="3"/>
        <line num="66" type="stmt" count="3"/>
        <line num="69" type="stmt" count="3"/>
        <line num="70" type="stmt" count="1"/>
        <line num="71" type="stmt" count="3"/>
        <line num="72" type="stmt" count="1"/>
        <line num="74" type="stmt" count="2"/>
        <line num="86" type="method" name="getNumber" visibility="public" complexity="2" crap="2" count="1"/>
        <line num="87" type="stmt" count="1"/>
        <metrics loc="88" ncloc="60" classes="1" methods="5" coveredmethods="5" conditionals="0" coveredconditionals="0" statements="22" coveredstatements="22" elements="27" coveredelements="27"/>
      </file>
    </package>
    <package name="Cajudev\Validator\Utils">
      <file name="/home/richard/Homestead/code/validator/src/Utils/Cleaner.php">
        <class name="Cajudev\Validator\Utils\Cleaner" namespace="Cajudev\Validator\Utils">
          <metrics complexity="4" methods="1" coveredmethods="1" conditionals="0" coveredconditionals="0" statements="6" coveredstatements="6" elements="7" coveredelements="7"/>
        </class>
        <line num="12" type="method" name="cleanNumber" visibility="public" complexity="4" crap="4" count="13"/>
        <line num="13" type="stmt" count="13"/>
        <line num="16" type="stmt" count="13"/>
        <line num="17" type="stmt" count="13"/>
        <line num="20" type="stmt" count="13"/>
        <line num="22" type="stmt" count="13"/>
        <line num="23" type="stmt" count="13"/>
        <metrics loc="25" ncloc="17" classes="1" methods="1" coveredmethods="1" conditionals="0" coveredconditionals="0" statements="6" coveredstatements="6" elements="7" coveredelements="7"/>
      </file>
      <file name="/home/richard/Homestead/code/validator/src/Utils/Masker.php">
        <class name="Cajudev\Validator\Utils\Masker" namespace="Cajudev\Validator\Utils">
          <metrics complexity="3" methods="1" coveredmethods="1" conditionals="0" coveredconditionals="0" statements="4" coveredstatements="4" elements="5" coveredelements="5"/>
        </class>
        <line num="12" type="method" name="mask" visibility="public" complexity="3" crap="3" count="4"/>
        <line num="13" type="stmt" count="4"/>
        <line num="15" type="stmt" count="4"/>
        <line num="16" type="stmt" count="4"/>
        <line num="19" type="stmt" count="4"/>
        <metrics loc="20" ncloc="14" classes="1" methods="1" coveredmethods="1" conditionals="0" coveredconditionals="0" statements="4" coveredstatements="4" elements="5" coveredelements="5"/>
      </file>
    </package>
    <metrics files="7" loc="561" ncloc="383" classes="7" methods="34" coveredmethods="34" conditionals="0" coveredconditionals="0" statements="132" coveredstatements="132" elements="166" coveredelements="166"/>
  </project>
</coverage>
